--2016-02-15 11:14:19--  http://speedtest.wdc01.softlayer.com/downloads/test10.zip
Resolving proxy.iisc.ernet.in (proxy.iisc.ernet.in)... 10.16.40.112, 10.16.40.113, 10.16.40.111
Connecting to proxy.iisc.ernet.in (proxy.iisc.ernet.in)|10.16.40.112|:3128... connected.
Proxy request sent, awaiting response... 200 OK
Length: 11536384 (11M) [application/zip]
Saving to: ‘/dev/null’

     0K .......... .......... .......... .......... ..........  0%  118M 0s
    50K .......... .......... .......... .......... ..........  0% 88.4M 0s
   100K .......... .......... .......... .......... ..........  1%  104M 0s
   150K .......... .......... .......... .......... ..........  1% 96.6M 0s
   200K .......... .......... .......... .......... ..........  2%  100M 0s
   250K .......... .......... .......... .......... ..........  2% 96.2M 0s
   300K .......... .......... .......... .......... ..........  3% 88.5M 0s
   350K .......... .......... .......... .......... ..........  3%  104M 0s
   400K .......... .......... .......... .......... ..........  3% 96.9M 0s
   450K .......... .......... .......... .......... ..........  4%  106M 0s
   500K .......... .......... .......... .......... ..........  4%  109M 0s
   550K .......... .......... .......... .......... ..........  5%  111M 0s
   600K .......... .......... .......... .......... ..........  5%  107M 0s
   650K .......... .......... .......... .......... ..........  6% 97.3M 0s
   700K .......... .......... .......... .......... ..........  6%  103M 0s
   750K .......... .......... .......... .......... ..........  7%  111M 0s
   800K .......... .......... .......... .......... ..........  7% 96.4M 0s
   850K .......... .......... .......... .......... ..........  7%  105M 0s
   900K .......... .......... .......... .......... ..........  8%  113M 0s
   950K .......... .......... .......... .......... ..........  8%  107M 0s
  1000K .......... .......... .......... .......... ..........  9% 94.6M 0s
  1050K .......... .......... .......... .......... ..........  9% 98.0M 0s
  1100K .......... .......... .......... .......... .......... 10% 86.5M 0s
  1150K .......... .......... .......... .......... .......... 10% 89.8M 0s
  1200K .......... .......... .......... .......... .......... 11% 55.1M 0s
  1250K .......... .......... .......... .......... .......... 11%  125M 0s
  1300K .......... .......... .......... .......... .......... 11% 91.6M 0s
  1350K .......... .......... .......... .......... .......... 12%  108M 0s
  1400K .......... .......... .......... .......... .......... 12%  106M 0s
  1450K .......... .......... .......... .......... .......... 13% 87.6M 0s
  1500K .......... .......... .......... .......... .......... 13%  106M 0s
  1550K .......... .......... .......... .......... .......... 14%  112M 0s
  1600K .......... .......... .......... .......... .......... 14% 97.6M 0s
  1650K .......... .......... .......... .......... .......... 15% 97.1M 0s
  1700K .......... .......... .......... .......... .......... 15%  108M 0s
  1750K .......... .......... .......... .......... .......... 15% 97.5M 0s
  1800K .......... .......... .......... .......... .......... 16%  104M 0s
  1850K .......... .......... .......... .......... .......... 16%  110M 0s
  1900K .......... .......... .......... .......... .......... 17% 78.5M 0s
  1950K .......... .......... .......... .......... .......... 17%  113M 0s
  2000K .......... .......... .......... .......... .......... 18% 94.6M 0s
  2050K .......... .......... .......... .......... .......... 18%  106M 0s
  2100K .......... .......... .......... .......... .......... 19%  107M 0s
  2150K .......... .......... .......... .......... .......... 19% 92.8M 0s
  2200K .......... .......... .......... .......... .......... 19% 91.2M 0s
  2250K .......... .......... .......... .......... .......... 20% 85.4M 0s
  2300K .......... .......... .......... .......... .......... 20% 93.1M 0s
  2350K .......... .......... .......... .......... .......... 21% 96.3M 0s
  2400K .......... .......... .......... .......... .......... 21%  110M 0s
  2450K .......... .......... .......... .......... .......... 22% 96.1M 0s
  2500K .......... .......... .......... .......... .......... 22% 97.7M 0s
  2550K .......... .......... .......... .......... .......... 23% 96.8M 0s
  2600K .......... .......... .......... .......... .......... 23% 87.0M 0s
  2650K .......... .......... .......... .......... .......... 23%  110M 0s
  2700K .......... .......... .......... .......... .......... 24% 88.0M 0s
  2750K .......... .......... .......... .......... .......... 24%  110M 0s
  2800K .......... .......... .......... .......... .......... 25%  108M 0s
  2850K .......... .......... .......... .......... .......... 25% 97.2M 0s
  2900K .......... .......... .......... .......... .......... 26%  110M 0s
  2950K .......... .......... .......... .......... .......... 26%  107M 0s
  3000K .......... .......... .......... .......... .......... 27%  108M 0s
  3050K .......... .......... .......... .......... .......... 27%  107M 0s
  3100K .......... .......... .......... .......... .......... 27%  105M 0s
  3150K .......... .......... .......... .......... .......... 28%  101M 0s
  3200K .......... .......... .......... .......... .......... 28% 96.7M 0s
  3250K .......... .......... .......... .......... .......... 29% 83.2M 0s
  3300K .......... .......... .......... .......... .......... 29% 68.7M 0s
  3350K .......... .......... .......... .......... .......... 30% 82.3M 0s
  3400K .......... .......... .......... .......... .......... 30%  121M 0s
  3450K .......... .......... .......... .......... .......... 31% 96.1M 0s
  3500K .......... .......... .......... .......... .......... 31% 92.4M 0s
  3550K .......... .......... .......... .......... .......... 31% 96.5M 0s
  3600K .......... .......... .......... .......... .......... 32%  106M 0s
  3650K .......... .......... .......... .......... .......... 32%  108M 0s
  3700K .......... .......... .......... .......... .......... 33%  108M 0s
  3750K .......... .......... .......... .......... .......... 33% 86.4M 0s
  3800K .......... .......... .......... .......... .......... 34% 97.1M 0s
  3850K .......... .......... .......... .......... .......... 34%  123M 0s
  3900K .......... .......... .......... .......... .......... 35% 88.5M 0s
  3950K .......... .......... .......... .......... .......... 35%  105M 0s
  4000K .......... .......... .......... .......... .......... 35% 97.2M 0s
  4050K .......... .......... .......... .......... .......... 36% 98.6M 0s
  4100K .......... .......... .......... .......... .......... 36%  121M 0s
  4150K .......... .......... .......... .......... .......... 37% 96.5M 0s
  4200K .......... .......... .......... .......... .......... 37% 88.4M 0s
  4250K .......... .......... .......... .......... .......... 38%  110M 0s
  4300K .......... .......... .......... .......... .......... 38%  106M 0s
  4350K .......... .......... .......... .......... .......... 39%  109M 0s
  4400K .......... .......... .......... .......... .......... 39% 95.4M 0s
  4450K .......... .......... .......... .......... .......... 39% 97.9M 0s
  4500K .......... .......... .......... .......... .......... 40%  105M 0s
  4550K .......... .......... .......... .......... .......... 40% 97.6M 0s
  4600K .......... .......... .......... .......... .......... 41% 96.6M 0s
  4650K .......... .......... .......... .......... .......... 41% 97.7M 0s
  4700K .......... .......... .......... .......... .......... 42% 88.2M 0s
  4750K .......... .......... .......... .......... .......... 42% 87.3M 0s
  4800K .......... .......... .......... .......... .......... 43%  110M 0s
  4850K .......... .......... .......... .......... .......... 43% 96.3M 0s
  4900K .......... .......... .......... .......... .......... 43% 86.7M 0s
  4950K .......... .......... .......... .......... .......... 44% 96.0M 0s
  5000K .......... .......... .......... .......... .......... 44% 98.1M 0s
  5050K .......... .......... .......... .......... .......... 45%  108M 0s
  5100K .......... .......... .......... .......... .......... 45% 95.9M 0s
  5150K .......... .......... .......... .......... .......... 46% 98.1M 0s
  5200K .......... .......... .......... .......... .......... 46% 97.1M 0s
  5250K .......... .......... .......... .......... .......... 47%  106M 0s
  5300K .......... .......... .......... .......... .......... 47%  108M 0s
  5350K .......... .......... .......... .......... .......... 47% 97.9M 0s
  5400K .......... .......... .......... .......... .......... 48% 86.3M 0s
  5450K .......... .......... .......... .......... .......... 48%  106M 0s
  5500K .......... .......... .......... .......... .......... 49%  108M 0s
  5550K .......... .......... .......... .......... .......... 49%  109M 0s
  5600K .......... .......... .......... .......... .......... 50% 96.7M 0s
  5650K .......... .......... .......... .......... .......... 50% 95.6M 0s
  5700K .......... .......... .......... .......... .......... 51%  107M 0s
  5750K .......... .......... .......... .......... .......... 51% 96.9M 0s
  5800K .......... .......... .......... .......... .......... 51%  109M 0s
  5850K .......... .......... .......... .......... .......... 52% 88.0M 0s
  5900K .......... .......... .......... .......... .......... 52% 95.8M 0s
  5950K .......... .......... .......... .......... .......... 53%  107M 0s
  6000K .......... .......... .......... .......... .......... 53% 95.4M 0s
  6050K .......... .......... .......... .......... .......... 54% 97.6M 0s
  6100K .......... .......... .......... .......... .......... 54% 87.4M 0s
  6150K .......... .......... .......... .......... .......... 55% 78.7M 0s
  6200K .......... .......... .......... .......... .......... 55%  108M 0s
  6250K .......... .......... .......... .......... .......... 55% 97.5M 0s
  6300K .......... .......... .......... .......... .......... 56%  108M 0s
  6350K .......... .......... .......... .......... .......... 56% 87.9M 0s
  6400K .......... .......... .......... .......... .......... 57%  108M 0s
  6450K .......... .......... .......... .......... .......... 57%  108M 0s
  6500K .......... .......... .......... .......... .......... 58% 96.1M 0s
  6550K .......... .......... .......... .......... .......... 58% 86.6M 0s
  6600K .......... .......... .......... .......... .......... 59%  109M 0s
  6650K .......... .......... .......... .......... .......... 59%  108M 0s
  6700K .......... .......... .......... .......... .......... 59%  107M 0s
  6750K .......... .......... .......... .......... .......... 60%  109M 0s
  6800K .......... .......... .......... .......... .......... 60% 97.3M 0s
  6850K .......... .......... .......... .......... .......... 61% 97.4M 0s
  6900K .......... .......... .......... .......... .......... 61%  122M 0s
  6950K .......... .......... .......... .......... .......... 62% 87.6M 0s
  7000K .......... .......... .......... .......... .......... 62% 97.3M 0s
  7050K .......... .......... .......... .......... .......... 63%  107M 0s
  7100K .......... .......... .......... .......... .......... 63%  109M 0s
  7150K .......... .......... .......... .......... .......... 63% 88.3M 0s
  7200K .......... .......... .......... .......... .......... 64%  107M 0s
  7250K .......... .......... .......... .......... .......... 64% 97.9M 0s
  7300K .......... .......... .......... .......... .......... 65%  106M 0s
  7350K .......... .......... .......... .......... .......... 65% 97.3M 0s
  7400K .......... .......... .......... .......... .......... 66%  106M 0s
  7450K .......... .......... .......... .......... .......... 66%  106M 0s
  7500K .......... .......... .......... .......... .......... 67% 92.8M 0s
  7550K .......... .......... .......... .......... .......... 67% 96.6M 0s
  7600K .......... .......... .......... .......... .......... 67%  123M 0s
  7650K .......... .......... .......... .......... .......... 68% 95.5M 0s
  7700K .......... .......... .......... .......... .......... 68%  107M 0s
  7750K .......... .......... .......... .......... .......... 69% 96.1M 0s
  7800K .......... .......... .......... .......... .......... 69% 96.3M 0s
  7850K .......... .......... .......... .......... .......... 70%  108M 0s
  7900K .......... .......... .......... .......... .......... 70% 97.2M 0s
  7950K .......... .......... .......... .......... .......... 71% 83.2M 0s
  8000K .......... .......... .......... .......... .......... 71%  109M 0s
  8050K .......... .......... .......... .......... .......... 71% 12.0M 0s
  8100K .......... .......... .......... .......... .......... 72%  339M 0s
  8150K .......... .......... .......... .......... .......... 72% 94.0M 0s
  8200K .......... .......... .......... .......... .......... 73%  144M 0s
  8250K .......... .......... .......... .......... .......... 73%  826M 0s
  8300K .......... .......... .......... .......... .......... 74%  140M 0s
  8350K .......... .......... .......... .......... .......... 74%  765M 0s
  8400K .......... .......... .......... .......... .......... 75%  913M 0s
  8450K .......... .......... .......... .......... .......... 75%  912M 0s
  8500K .......... .......... .......... .......... .......... 75%  866M 0s
  8550K .......... .......... .......... .......... .......... 76%  834M 0s
  8600K .......... .......... .......... .......... .......... 76%  956M 0s
  8650K .......... .......... .......... .......... .......... 77%  105M 0s
  8700K .......... .......... .......... .......... .......... 77%  106M 0s
  8750K .......... .......... .......... .......... .......... 78%  109M 0s
  8800K .......... .......... .......... .......... .......... 78%  106M 0s
  8850K .......... .......... .......... .......... .......... 78% 87.5M 0s
  8900K .......... .......... .......... .......... .......... 79% 88.2M 0s
  8950K .......... .......... .......... .......... .......... 79% 79.4M 0s
  9000K .......... .......... .......... .......... .......... 80%  108M 0s
  9050K .......... .......... .......... .......... .......... 80% 95.3M 0s
  9100K .......... .......... .......... .......... .......... 81%  109M 0s
  9150K .......... .......... .......... .......... .......... 81% 96.3M 0s
  9200K .......... .......... .......... .......... .......... 82% 96.1M 0s
  9250K .......... .......... .......... .......... .......... 82%  122M 0s
  9300K .......... .......... .......... .......... .......... 82% 97.5M 0s
  9350K .......... .......... .......... .......... .......... 83%  108M 0s
  9400K .......... .......... .......... .......... .......... 83%  107M 0s
  9450K .......... .......... .......... .......... .......... 84% 87.3M 0s
  9500K .......... .......... .......... .......... .......... 84% 96.7M 0s
  9550K .......... .......... .......... .......... .......... 85%  108M 0s
  9600K .......... .......... .......... .......... .......... 85% 98.0M 0s
  9650K .......... .......... .......... .......... .......... 86%  108M 0s
  9700K .......... .......... .......... .......... .......... 86% 95.9M 0s
  9750K .......... .......... .......... .......... .......... 86% 95.6M 0s
  9800K .......... .......... .......... .......... .......... 87% 79.5M 0s
  9850K .......... .......... .......... .......... .......... 87%  108M 0s
  9900K .......... .......... .......... .......... .......... 88% 86.7M 0s
  9950K .......... .......... .......... .......... .......... 88%  107M 0s
 10000K .......... .......... .......... .......... .......... 89% 86.1M 0s
 10050K .......... .......... .......... .......... .......... 89% 80.2M 0s
 10100K .......... .......... .......... .......... .......... 90% 78.6M 0s
 10150K .......... .......... .......... .......... .......... 90% 96.6M 0s
 10200K .......... .......... .......... .......... .......... 90% 95.6M 0s
 10250K .......... .......... .......... .......... .......... 91%  109M 0s
 10300K .......... .......... .......... .......... .......... 91% 97.2M 0s
 10350K .......... .......... .......... .......... .......... 92%  109M 0s
 10400K .......... .......... .......... .......... .......... 92% 98.3M 0s
 10450K .......... .......... .......... .......... .......... 93% 96.8M 0s
 10500K .......... .......... .......... .......... .......... 93%  108M 0s
 10550K .......... .......... .......... .......... .......... 94%  108M 0s
 10600K .......... .......... .......... .......... .......... 94%  109M 0s
 10650K .......... .......... .......... .......... .......... 94%  108M 0s
 10700K .......... .......... .......... .......... .......... 95%  109M 0s
 10750K .......... .......... .......... .......... .......... 95%  108M 0s
 10800K .......... .......... .......... .......... .......... 96% 95.9M 0s
 10850K .......... .......... .......... .......... .......... 96% 85.7M 0s
 10900K .......... .......... .......... .......... .......... 97% 85.9M 0s
 10950K .......... .......... .......... .......... .......... 97% 93.9M 0s
 11000K .......... .......... .......... .......... .......... 98% 95.5M 0s
 11050K .......... .......... .......... .......... .......... 98% 96.8M 0s
 11100K .......... .......... .......... .......... .......... 98% 97.9M 0s
 11150K .......... .......... .......... .......... .......... 99% 95.5M 0s
 11200K .......... .......... .......... .......... .......... 99%  109M 0s
 11250K .......... ......                                     100%  103M=0.1s

2016-02-15 11:14:19 (98.8 MB/s) - ‘/dev/null’ saved [11536384/11536384]

